helloworld/app/build/intermediates/manifest_merge_blame_file/aeronetDebug/processAeronetDebugMainManifest/manifest-merger-blame-aeronet-debug-report.txt
1<?xml version="1.0" encoding="utf-8"?>
2<manifest xmlns:android="http://schemas.android.com/apk/res/android"
3    package="com.atakmap.android.helloworld.plugin.aeronet"
4    android:versionCode="1"
5    android:versionName="1.0 () - [5.5.0]" >
6
7    <uses-sdk
8        android:minSdkVersion="21"
9        android:targetSdkVersion="34" />
10
11    <!-- allows for the app to run the notification service -->
12    <uses-permission android:name="android.permission.FOREGROUND_SERVICE" />
12-->src\main\AndroidManifest.xml:5:5-76
12-->src\main\AndroidManifest.xml:5:22-74
13
14    <!-- Android 13 required for posting notifications -->
15    <uses-permission android:name="android.permission.POST_NOTIFICATIONS" />
15-->src\main\AndroidManifest.xml:8:5-77
15-->src\main\AndroidManifest.xml:8:22-74
16
17    <!-- Allow for the app to run independent of battery restrictions -->
18    <uses-permission android:name="android.permission.REQUEST_IGNORE_BATTERY_OPTIMIZATIONS" />
18-->src\main\AndroidManifest.xml:11:5-94
18-->src\main\AndroidManifest.xml:11:22-92
19
20    <application
20-->src\main\AndroidManifest.xml:14:5-100:19
21        android:allowBackup="false"
21-->src\main\AndroidManifest.xml:15:9-36
22        android:debuggable="true"
23        android:description="@string/app_desc"
23-->src\main\AndroidManifest.xml:18:9-47
24        android:extractNativeLibs="true"
25        android:icon="@drawable/ic_launcher"
25-->src\main\AndroidManifest.xml:16:9-45
26        android:label="@string/app_name"
26-->src\main\AndroidManifest.xml:17:9-41
27        android:theme="@style/AppTheme" >
27-->src\main\AndroidManifest.xml:19:9-40
28        <meta-data
29            android:name="plugin-api"
29-->src\main\AndroidManifest.xml:20:20-45
30            android:value="com.atakmap.app@5.5.0.AERONET" />
30-->src\main\AndroidManifest.xml:20:46-79
31        <meta-data
31-->src\main\AndroidManifest.xml:21:9-78
32            android:name="app_desc"
32-->src\main\AndroidManifest.xml:21:20-43
33            android:value="@string/app_desc" />
33-->src\main\AndroidManifest.xml:21:44-76
34
35        <provider
35-->src\main\AndroidManifest.xml:25:9-28:20
36            android:name="com.javacodegeeks.android.contentprovidertest.BirthProvider"
36-->src\main\AndroidManifest.xml:25:19-93
37            android:authorities="com.javacodegeeks.provider.Birthday"
37-->src\main\AndroidManifest.xml:26:13-70
38            android:exported="true" >
38-->src\main\AndroidManifest.xml:27:13-36
39        </provider>
40
41        <service
41-->src\main\AndroidManifest.xml:30:9-38:19
42            android:name="com.atakmap.android.helloworld.notification.NotificationService"
42-->src\main\AndroidManifest.xml:31:13-91
43            android:exported="true"
43-->src\main\AndroidManifest.xml:33:13-36
44            android:label="Plugin Notification Service" >
44-->src\main\AndroidManifest.xml:32:13-56
45            <intent-filter>
45-->src\main\AndroidManifest.xml:35:13-37:29
46                <action android:name="com.atakmap.android.helloworld.notification.NotificationService" />
46-->src\main\AndroidManifest.xml:36:17-105
46-->src\main\AndroidManifest.xml:36:25-103
47            </intent-filter>
48        </service>
49        <service
49-->src\main\AndroidManifest.xml:40:9-48:19
50            android:name="com.atakmap.android.helloworld.service.ExampleAidlService"
50-->src\main\AndroidManifest.xml:41:13-85
51            android:exported="true"
51-->src\main\AndroidManifest.xml:43:13-36
52            android:label="Plugin Aidl Service" >
52-->src\main\AndroidManifest.xml:42:13-48
53            <intent-filter>
53-->src\main\AndroidManifest.xml:45:13-47:29
54                <action android:name="com.atakmap.android.helloworld.service.ExampleAidlService" />
54-->src\main\AndroidManifest.xml:46:17-99
54-->src\main\AndroidManifest.xml:46:25-97
55            </intent-filter>
56        </service>
57
58        <activity
58-->src\main\AndroidManifest.xml:50:9-55:20
59            android:name="com.atakmap.android.helloworld.CameraActivity"
59-->src\main\AndroidManifest.xml:51:13-73
60            android:configChanges="orientation"
60-->src\main\AndroidManifest.xml:54:13-48
61            android:exported="true"
61-->src\main\AndroidManifest.xml:53:13-36
62            android:theme="@android:style/Theme.Translucent.NoTitleBar.Fullscreen" >
62-->src\main\AndroidManifest.xml:52:13-83
63        </activity>
64
65        <!--
66        Commented out, functionality absorbed by SpeechToActivity
67        <activity
68            android:name="com.atakmap.android.helloworld.SpeechToTextActivity"
69            android:theme="@style/AppTheme"
70            android:exported="true"
71            android:configChanges="orientation"
72            android:launchMode="singleTop">
73            <intent-filter>
74                <action android:name="com.atakmap.android.helloworld.SpeechToTextActivity"/>
75            </intent-filter>
76        </activity>
77        -->
78        <activity
78-->src\main\AndroidManifest.xml:69:9-78:20
79            android:name="com.atakmap.android.helloworld.speechtotext.SpeechToActivity"
79-->src\main\AndroidManifest.xml:70:13-88
80            android:configChanges="orientation"
80-->src\main\AndroidManifest.xml:73:13-48
81            android:exported="true"
81-->src\main\AndroidManifest.xml:72:13-36
82            android:launchMode="singleTop"
82-->src\main\AndroidManifest.xml:74:13-43
83            android:theme="@style/Theme.Transparent" >
83-->src\main\AndroidManifest.xml:71:13-53
84            <intent-filter>
84-->src\main\AndroidManifest.xml:75:13-77:29
85                <action android:name="com.atakmap.android.helloworld.SpeechToActivity" />
85-->src\main\AndroidManifest.xml:76:17-89
85-->src\main\AndroidManifest.xml:76:25-87
86            </intent-filter>
87        </activity>
88
89        <!-- allow for plugin discovery -->
90        <activity
90-->src\main\AndroidManifest.xml:81:8-87:19
91            android:name="com.atakmap.app.component"
91-->src\main\AndroidManifest.xml:81:18-58
92            android:exported="true" >
92-->src\main\AndroidManifest.xml:82:12-35
93            <intent-filter android:label="@string/app_name" >
93-->src\main\AndroidManifest.xml:84:12-86:28
93-->src\main\AndroidManifest.xml:84:27-59
94                <action android:name="com.atakmap.app.component" />
94-->src\main\AndroidManifest.xml:85:15-66
94-->src\main\AndroidManifest.xml:85:23-63
95            </intent-filter>
96        </activity>
97        <activity
97-->src\main\AndroidManifest.xml:90:9-98:20
98            android:name="com.atakmap.android.helloworld.PluginPermissionActivity"
98-->src\main\AndroidManifest.xml:90:19-89
99            android:exported="true"
99-->src\main\AndroidManifest.xml:91:13-36
100            android:launchMode="singleInstance"
100-->src\main\AndroidManifest.xml:92:13-48
101            android:screenOrientation="behind"
101-->src\main\AndroidManifest.xml:93:13-47
102            android:theme="@style/PermissionTheme" >
102-->src\main\AndroidManifest.xml:94:13-51
103            <intent-filter>
103-->src\main\AndroidManifest.xml:95:13-97:29
104                <action android:name="com.atakmap.android.sip.SipPermissionsActivity" />
104-->src\main\AndroidManifest.xml:96:17-89
104-->src\main\AndroidManifest.xml:96:25-86
105            </intent-filter>
106        </activity>
107    </application>
108
109</manifest>